Copyright 1986-2015 Xilinx, Inc. All Rights Reserved.
-------------------------------------------------------------------------------------------------
| Tool Version : Vivado v.2015.2 (win64) Build 1266856 Fri Jun 26 16:35:25 MDT 2015
| Date         : Wed Jun 12 16:44:21 2024
| Host         : DESKTOP-P1GI4OE running 64-bit major release  (build 9200)
| Command      : report_control_sets -verbose -file ps2_design_1_wrapper_control_sets_placed.rpt
| Design       : ps2_design_1_wrapper
| Device       : xc7z020
-------------------------------------------------------------------------------------------------

Control Set Information

Table of Contents
-----------------
1. Summary
2. Flip-Flop Distribution
3. Detailed Control Set Information

1. Summary
----------

+-------------------------------------------------------------------+-------+
|                               Status                              | Count |
+-------------------------------------------------------------------+-------+
| Number of unique control sets                                     |    51 |
| Minimum Number of register sites lost to control set restrictions |   121 |
+-------------------------------------------------------------------+-------+


2. Flip-Flop Distribution
-------------------------

+--------------+-----------------------+------------------------+-----------------+--------------+
| Clock Enable | Synchronous Set/Reset | Asynchronous Set/Reset | Total Registers | Total Slices |
+--------------+-----------------------+------------------------+-----------------+--------------+
| No           | No                    | No                     |             201 |           75 |
| No           | No                    | Yes                    |               0 |            0 |
| No           | Yes                   | No                     |             441 |          137 |
| Yes          | No                    | No                     |             472 |          120 |
| Yes          | No                    | Yes                    |               0 |            0 |
| Yes          | Yes                   | No                     |             149 |           59 |
+--------------+-----------------------+------------------------+-----------------+--------------+


3. Detailed Control Set Information
-----------------------------------

+-----------------------------------------------------------------------------------+--------------------------------------------------------------------------------------------------------------------------------------------------------------------+-------------------------------------------------------------------------------------------------------------------------------------------------------------+------------------+----------------+
|                                    Clock Signal                                   |                                                                            Enable Signal                                                                           |                                                                       Set/Reset Signal                                                                      | Slice Load Count | Bel Load Count |
+-----------------------------------------------------------------------------------+--------------------------------------------------------------------------------------------------------------------------------------------------------------------+-------------------------------------------------------------------------------------------------------------------------------------------------------------+------------------+----------------+
|  ps2_design_1_i/processing_system7_0/inst/FCLK_CLK0                               | ps2_design_1_i/processing_system7_0_axi_periph/s00_couplers/auto_pc/inst/gen_axilite.gen_b2s_conv.axilite_b2s/WR.b_channel_0/bid_fifo_0/bresp_push                 |                                                                                                                                                             |                1 |              2 |
|  ps2_design_1_i/processing_system7_0/inst/FCLK_CLK0                               | ps2_design_1_i/processing_system7_0_axi_periph/s00_couplers/auto_pc/inst/gen_axilite.gen_b2s_conv.axilite_b2s/RD.ar_channel_0/ar_cmd_fsm_0/axlen_cnt_reg[4]        | ps2_design_1_i/processing_system7_0_axi_periph/s00_couplers/auto_pc/inst/gen_axilite.gen_b2s_conv.axilite_b2s/RD.ar_channel_0/ar_cmd_fsm_0/axlen_cnt_reg[7] |                2 |              4 |
|  ps2_design_1_i/processing_system7_0/inst/FCLK_CLK0                               | ps2_design_1_i/processing_system7_0_axi_periph/s00_couplers/auto_pc/inst/gen_axilite.gen_b2s_conv.axilite_b2s/WR.aw_channel_0/aw_cmd_fsm_0/axlen_cnt_reg[4]_0      |                                                                                                                                                             |                1 |              4 |
|  ps2_design_1_i/processing_system7_0/inst/FCLK_CLK0                               |                                                                                                                                                                    | ps2_design_1_i/axi_gpio_0/U0/AXI_LITE_IPIF_I/I_SLAVE_ATTACHMENT/INCLUDE_DPHASE_TIMER.dpto_cnt[3]_i_1_n_0                                                    |                2 |              4 |
|  ps2_design_1_i/processing_system7_0/inst/FCLK_CLK0                               | ps2_design_1_i/processing_system7_0_axi_periph/s00_couplers/auto_pc/inst/gen_axilite.gen_b2s_conv.axilite_b2s/RD.ar_channel_0/ar_cmd_fsm_0/axlen_cnt_reg[0][0]     |                                                                                                                                                             |                2 |              4 |
|  ps2_design_1_i/processing_system7_0/inst/FCLK_CLK0                               | ps2_design_1_i/processing_system7_0_axi_periph/s00_couplers/auto_pc/inst/gen_axilite.gen_b2s_conv.axilite_b2s/WR.aw_channel_0/aw_cmd_fsm_0/axlen_cnt_reg[0]_0[0]   |                                                                                                                                                             |                1 |              4 |
|  ps2_design_1_i/processing_system7_0/inst/FCLK_CLK0                               | ps2_design_1_i/processing_system7_0_axi_periph/s00_couplers/auto_pc/inst/gen_axilite.gen_b2s_conv.axilite_b2s/WR.aw_channel_0/aw_cmd_fsm_0/axlen_cnt_reg[4]_0      | ps2_design_1_i/processing_system7_0_axi_periph/s00_couplers/auto_pc/inst/gen_axilite.gen_b2s_conv.axilite_b2s/WR.aw_channel_0/aw_cmd_fsm_0/axlen_cnt_reg[7] |                2 |              4 |
|  ps2_design_1_i/processing_system7_0/inst/FCLK_CLK0                               | ps2_design_1_i/processing_system7_0_axi_periph/s00_couplers/auto_pc/inst/gen_axilite.gen_b2s_conv.axilite_b2s/RD.ar_channel_0/ar_cmd_fsm_0/axlen_cnt_reg[4]        |                                                                                                                                                             |                2 |              4 |
|  ps2_design_1_i/processing_system7_0/inst/FCLK_CLK0                               |                                                                                                                                                                    | ps2_design_1_i/rst_processing_system7_0_100M/U0/EXT_LPF/lpf_int                                                                                             |                3 |              5 |
|  ps2_design_1_i/px2_game_0/inst/px2_game_v1_0_S00_AXI_inst/p/clk_1020us           |                                                                                                                                                                    |                                                                                                                                                             |                1 |              5 |
|  ps2_design_1_i/processing_system7_0/inst/FCLK_CLK0                               | ps2_design_1_i/rst_processing_system7_0_100M/U0/SEQ/seq_cnt_en                                                                                                     | ps2_design_1_i/rst_processing_system7_0_100M/U0/SEQ/SEQ_COUNTER/clear                                                                                       |                1 |              6 |
|  ps2_design_1_i/test_new2_0/inst/test_new2_v1_0_S00_AXI_inst/buzzer/freq_div2/CLK |                                                                                                                                                                    | ps2_design_1_i/test_new2_0/inst/test_new2_v1_0_S00_AXI_inst/buzzer/clear                                                                                    |                2 |              6 |
|  ps2_design_1_i/processing_system7_0/inst/FCLK_CLK0                               |                                                                                                                                                                    | ps2_design_1_i/processing_system7_0_axi_periph/s00_couplers/auto_pc/inst/gen_axilite.gen_b2s_conv.axilite_b2s/SI_REG/ar_pipe/SR[0]                          |                2 |              8 |
| ~ps2_design_1_i/px2_game_0/inst/px2_game_v1_0_S00_AXI_inst/p/clk_6us_reg_n_0      | ps2_design_1_i/px2_game_0/inst/px2_game_v1_0_S00_AXI_inst/p/p_1_in                                                                                                 | ps2_design_1_i/px2_game_0/inst/px2_game_v1_0_S00_AXI_inst/p/sclk15_out                                                                                      |                3 |              8 |
|  ps2_design_1_i/processing_system7_0/inst/FCLK_CLK0                               | ps2_design_1_i/processing_system7_0_axi_periph/s00_couplers/auto_pc/inst/gen_axilite.gen_b2s_conv.axilite_b2s/WR.b_channel_0/mhandshake_r                          | ps2_design_1_i/processing_system7_0_axi_periph/s00_couplers/auto_pc/inst/gen_axilite.gen_b2s_conv.axilite_b2s/WR.b_channel_0/bid_fifo_0/SR[0]               |                2 |              8 |
|  ps2_design_1_i/test_new2_0/inst/test_new2_v1_0_S00_AXI_inst/buzzer/freq_div2/CLK |                                                                                                                                                                    |                                                                                                                                                             |                4 |              9 |
|  ps2_design_1_i/processing_system7_0/inst/FCLK_CLK0                               |                                                                                                                                                                    | ps2_design_1_i/processing_system7_0_axi_periph/xbar/inst/gen_sasd.crossbar_sasd_0/addr_arbiter_inst/SR[0]                                                   |                8 |             11 |
|  ps2_design_1_i/processing_system7_0/inst/FCLK_CLK0                               | ps2_design_1_i/processing_system7_0_axi_periph/s00_couplers/auto_pc/inst/gen_axilite.gen_b2s_conv.axilite_b2s/WR.aw_channel_0/aw_cmd_fsm_0/E[0]                    |                                                                                                                                                             |                3 |             12 |
|  ps2_design_1_i/processing_system7_0/inst/FCLK_CLK0                               |                                                                                                                                                                    | ps2_design_1_i/axi_gpio_0/U0/gpio_core_1/Read_Reg_Rst                                                                                                       |                6 |             12 |
|  ps2_design_1_i/processing_system7_0/inst/FCLK_CLK0                               | ps2_design_1_i/processing_system7_0_axi_periph/s00_couplers/auto_pc/inst/gen_axilite.gen_b2s_conv.axilite_b2s/WR.aw_channel_0/aw_cmd_fsm_0/axaddr_wrap_reg[0][0]   |                                                                                                                                                             |                3 |             12 |
|  ps2_design_1_i/processing_system7_0/inst/FCLK_CLK0                               | ps2_design_1_i/processing_system7_0_axi_periph/s00_couplers/auto_pc/inst/gen_axilite.gen_b2s_conv.axilite_b2s/RD.ar_channel_0/ar_cmd_fsm_0/axaddr_wrap_reg[0][0]   |                                                                                                                                                             |                4 |             12 |
|  ps2_design_1_i/processing_system7_0/inst/FCLK_CLK0                               | ps2_design_1_i/processing_system7_0_axi_periph/s00_couplers/auto_pc/inst/gen_axilite.gen_b2s_conv.axilite_b2s/RD.ar_channel_0/ar_cmd_fsm_0/E[0]                    |                                                                                                                                                             |                6 |             12 |
|  ps2_design_1_i/processing_system7_0/inst/FCLK_CLK0                               | ps2_design_1_i/processing_system7_0_axi_periph/s00_couplers/auto_pc/inst/gen_axilite.gen_b2s_conv.axilite_b2s/RD.ar_channel_0/ar_cmd_fsm_0/axaddr_incr_reg[0]      |                                                                                                                                                             |                3 |             12 |
|  ps2_design_1_i/processing_system7_0/inst/FCLK_CLK0                               | ps2_design_1_i/axi_gpio_0/U0/AXI_LITE_IPIF_I/I_SLAVE_ATTACHMENT/I_DECODER/Not_Dual.gpio_OE_reg[0][0]                                                               | ps2_design_1_i/axi_gpio_0/U0/AXI_LITE_IPIF_I/I_SLAVE_ATTACHMENT/SR                                                                                          |                3 |             12 |
|  ps2_design_1_i/processing_system7_0/inst/FCLK_CLK0                               | ps2_design_1_i/axi_gpio_0/U0/AXI_LITE_IPIF_I/I_SLAVE_ATTACHMENT/I_DECODER/E[0]                                                                                     | ps2_design_1_i/axi_gpio_0/U0/AXI_LITE_IPIF_I/I_SLAVE_ATTACHMENT/SR                                                                                          |                2 |             12 |
|  ps2_design_1_i/processing_system7_0/inst/FCLK_CLK0                               | ps2_design_1_i/axi_gpio_0/U0/AXI_LITE_IPIF_I/I_SLAVE_ATTACHMENT/s_axi_rdata_i[11]_i_1_n_0                                                                          | ps2_design_1_i/axi_gpio_0/U0/AXI_LITE_IPIF_I/I_SLAVE_ATTACHMENT/SR                                                                                          |                4 |             12 |
|  ps2_design_1_i/processing_system7_0/inst/FCLK_CLK0                               | ps2_design_1_i/processing_system7_0_axi_periph/s00_couplers/auto_pc/inst/gen_axilite.gen_b2s_conv.axilite_b2s/WR.aw_channel_0/aw_cmd_fsm_0/axaddr_incr_reg[0]      |                                                                                                                                                             |                3 |             12 |
|  ps2_design_1_i/processing_system7_0/inst/FCLK_CLK0                               | ps2_design_1_i/processing_system7_0_axi_periph/s00_couplers/auto_pc/inst/gen_axilite.gen_b2s_conv.axilite_b2s/RD.r_channel_0/r_push_r                              |                                                                                                                                                             |                4 |             13 |
|  ps2_design_1_i/processing_system7_0/inst/FCLK_CLK0                               | ps2_design_1_i/processing_system7_0_axi_periph/s00_couplers/auto_pc/inst/gen_axilite.gen_b2s_conv.axilite_b2s/SI_REG/b_pipe/p_1_in                                 |                                                                                                                                                             |                3 |             14 |
|  ps2_design_1_i/processing_system7_0/inst/FCLK_CLK0                               | ps2_design_1_i/processing_system7_0_axi_periph/s00_couplers/auto_pc/inst/gen_axilite.gen_b2s_conv.axilite_b2s/SI_REG/b_pipe/skid_buffer_reg[0]_0                   |                                                                                                                                                             |                3 |             14 |
| ~ps2_design_1_i/px2_game_0/inst/px2_game_v1_0_S00_AXI_inst/p/clk_6us_reg_n_0      |                                                                                                                                                                    |                                                                                                                                                             |                8 |             15 |
|  ps2_design_1_i/processing_system7_0/inst/FCLK_CLK0                               | ps2_design_1_i/processing_system7_0_axi_periph/xbar/inst/gen_sasd.crossbar_sasd_0/addr_arbiter_inst/p_0_in1_in                                                     | ps2_design_1_i/processing_system7_0_axi_periph/xbar/inst/gen_sasd.crossbar_sasd_0/addr_arbiter_inst/SR[0]                                                   |                6 |             19 |
|  ps2_design_1_i/processing_system7_0/inst/FCLK_CLK0                               | ps2_design_1_i/processing_system7_0_axi_periph/s00_couplers/auto_pc/inst/gen_axilite.gen_b2s_conv.axilite_b2s/WR.aw_channel_0/aw_cmd_fsm_0/m_payload_i_reg[0]      |                                                                                                                                                             |                4 |             20 |
|  ps2_design_1_i/processing_system7_0/inst/FCLK_CLK0                               |                                                                                                                                                                    | ps2_design_1_i/axi_gpio_0/U0/AXI_LITE_IPIF_I/I_SLAVE_ATTACHMENT/SR                                                                                          |                9 |             24 |
|  ps2_design_1_i/processing_system7_0/inst/FCLK_CLK0                               | ps2_design_1_i/test_new2_0/inst/test_new2_v1_0_S00_AXI_inst/slv_reg_rden                                                                                           | ps2_design_1_i/test_new2_0/inst/test_new2_v1_0_S00_AXI_inst/axi_awready_i_1_n_0                                                                             |               17 |             32 |
|  ps2_design_1_i/processing_system7_0/inst/FCLK_CLK0                               |                                                                                                                                                                    | ps2_design_1_i/test_new2_0/inst/test_new2_v1_0_S00_AXI_inst/buzzer/freq_div2/cnt1[0]_i_1__0_n_0                                                             |                8 |             32 |
|  ps2_design_1_i/processing_system7_0/inst/FCLK_CLK0                               |                                                                                                                                                                    | ps2_design_1_i/test_new2_0/inst/test_new2_v1_0_S00_AXI_inst/buzzer/freq_div1/cnt1[0]_i_1_n_0                                                                |                8 |             32 |
|  ps2_design_1_i/processing_system7_0/inst/FCLK_CLK0                               | ps2_design_1_i/px2_game_0/inst/px2_game_v1_0_S00_AXI_inst/slv_reg_rden                                                                                             | ps2_design_1_i/px2_game_0/inst/px2_game_v1_0_S00_AXI_inst/axi_awready_i_1_n_0                                                                               |               17 |             32 |
|  ps2_design_1_i/processing_system7_0/inst/FCLK_CLK0                               | ps2_design_1_i/processing_system7_0_axi_periph/s00_couplers/auto_pc/inst/gen_axilite.gen_b2s_conv.axilite_b2s/RD.r_channel_0/rd_data_fifo_0/wr_en0                 |                                                                                                                                                             |               10 |             34 |
|  ps2_design_1_i/processing_system7_0/inst/FCLK_CLK0                               | ps2_design_1_i/processing_system7_0_axi_periph/xbar/inst/gen_sasd.crossbar_sasd_0/addr_arbiter_inst/E[0]                                                           |                                                                                                                                                             |                8 |             35 |
|  ps2_design_1_i/processing_system7_0/inst/FCLK_CLK0                               | ps2_design_1_i/processing_system7_0_axi_periph/xbar/inst/gen_sasd.crossbar_sasd_0/reg_slice_r/aa_rready                                                            |                                                                                                                                                             |                9 |             35 |
|  ps2_design_1_i/processing_system7_0/inst/FCLK_CLK0                               | ps2_design_1_i/processing_system7_0_axi_periph/s00_couplers/auto_pc/inst/gen_axilite.gen_b2s_conv.axilite_b2s/SI_REG/r_pipe/skid_buffer_reg[0]_0                   |                                                                                                                                                             |               11 |             47 |
|  ps2_design_1_i/processing_system7_0/inst/FCLK_CLK0                               | ps2_design_1_i/processing_system7_0_axi_periph/s00_couplers/auto_pc/inst/gen_axilite.gen_b2s_conv.axilite_b2s/SI_REG/r_pipe/p_1_in                                 |                                                                                                                                                             |               11 |             47 |
|  ps2_design_1_i/processing_system7_0/inst/FCLK_CLK0                               | ps2_design_1_i/processing_system7_0_axi_periph/s00_couplers/auto_pc/inst/gen_axilite.gen_b2s_conv.axilite_b2s/RD.ar_channel_0/ar_cmd_fsm_0/m_payload_i_reg[0][0]   |                                                                                                                                                             |               14 |             48 |
|  ps2_design_1_i/processing_system7_0/inst/FCLK_CLK0                               | ps2_design_1_i/processing_system7_0_axi_periph/s00_couplers/auto_pc/inst/gen_axilite.gen_b2s_conv.axilite_b2s/SI_REG/aw_pipe/skid_buffer_reg[0]_0                  |                                                                                                                                                             |               11 |             48 |
|  ps2_design_1_i/processing_system7_0/inst/FCLK_CLK0                               | ps2_design_1_i/processing_system7_0_axi_periph/s00_couplers/auto_pc/inst/gen_axilite.gen_b2s_conv.axilite_b2s/SI_REG/ar_pipe/skid_buffer_reg[0]_0                  |                                                                                                                                                             |               14 |             48 |
|  ps2_design_1_i/processing_system7_0/inst/FCLK_CLK0                               | ps2_design_1_i/processing_system7_0_axi_periph/s00_couplers/auto_pc/inst/gen_axilite.gen_b2s_conv.axilite_b2s/WR.aw_channel_0/aw_cmd_fsm_0/m_payload_i_reg[0]_0[0] |                                                                                                                                                             |                8 |             48 |
|  ps2_design_1_i/processing_system7_0/inst/FCLK_CLK0                               |                                                                                                                                                                    | ps2_design_1_i/processing_system7_0_axi_periph/s00_couplers/auto_pc/inst/gen_axilite.gen_b2s_conv.axilite_b2s/areset_d1                                     |               15 |             69 |
|  ps2_design_1_i/processing_system7_0/inst/FCLK_CLK0                               |                                                                                                                                                                    | ps2_design_1_i/px2_game_0/inst/px2_game_v1_0_S00_AXI_inst/axi_awready_i_1_n_0                                                                               |               33 |            103 |
|  ps2_design_1_i/processing_system7_0/inst/FCLK_CLK0                               |                                                                                                                                                                    | ps2_design_1_i/test_new2_0/inst/test_new2_v1_0_S00_AXI_inst/axi_awready_i_1_n_0                                                                             |               41 |            135 |
|  ps2_design_1_i/processing_system7_0/inst/FCLK_CLK0                               |                                                                                                                                                                    |                                                                                                                                                             |               63 |            173 |
+-----------------------------------------------------------------------------------+--------------------------------------------------------------------------------------------------------------------------------------------------------------------+-------------------------------------------------------------------------------------------------------------------------------------------------------------+------------------+----------------+


