#-----------------------------------------------------------
# Webtalk v2015.2 (64-bit)
# SW Build 1266856 on Fri Jun 26 16:35:25 MDT 2015
# 
# Start of session at: Tue Jun 11 23:54:26 2024
# Process ID: 35888
# Log file: E:/Files_for_work/hardware_proj/px2_all/px2_all.sdk/webtalk/webtalk.log
# Journal file: E:/Files_for_work/hardware_proj/px2_all/px2_all.sdk/webtalk\webtalk.jou
#-----------------------------------------------------------
source sdk_webtalk.tcl
# webtalk_init -webtalk_dir E:\\Files_for_work\\hardware_proj\\px2_all\\px2_all.sdk\\webtalk
# webtalk_register_client -client project
# webtalk_add_data -client project -key date_generated -value "ÐÇÆÚ¶þ ÁùÔÂ 11 23:54:24 2024" -context "software_version_and_target_device"
# webtalk_add_data -client project -key product_version -value "SDK v2015.2" -context "software_version_and_target_device"
# webtalk_add_data -client project -key build_version -value "2015.2" -context "software_version_and_target_device"
# webtalk_add_data -client project -key os_platform -value "amd64" -context "software_version_and_target_device"
# webtalk_add_data -client project -key registration_id -value "" -context "software_version_and_target_device"
# webtalk_add_data -client project -key tool_flow -value "SDK" -context "software_version_and_target_device"
# webtalk_add_data -client project -key beta -value "false" -context "software_version_and_target_device"
# webtalk_add_data -client project -key route_design -value "NA" -context "software_version_and_target_device"
# webtalk_add_data -client project -key target_family -value "NA" -context "software_version_and_target_device"
# webtalk_add_data -client project -key target_device -value "NA" -context "software_version_and_target_device"
# webtalk_add_data -client project -key target_package -value "NA" -context "software_version_and_target_device"
# webtalk_add_data -client project -key target_speed -value "NA" -context "software_version_and_target_device"
# webtalk_add_data -client project -key random_id -value "c1hee1sckt824aqcnfrp6pn331" -context "software_version_and_target_device"
# webtalk_add_data -client project -key project_id -value "2015.2_3" -context "software_version_and_target_device"
# webtalk_add_data -client project -key project_iteration -value "3" -context "software_version_and_target_device"
# webtalk_add_data -client project -key os_name -value "" -context "user_environment"
# webtalk_add_data -client project -key os_release -value "" -context "user_environment"
# webtalk_add_data -client project -key cpu_name -value "" -context "user_environment"
# webtalk_add_data -client project -key cpu_speed -value "" -context "user_environment"
# webtalk_add_data -client project -key total_processors -value "" -context "user_environment"
# webtalk_add_data -client project -key system_ram -value "" -context "user_environment"
# webtalk_register_client -client sdk
# webtalk_add_data -client sdk -key uid -value "1718106298115" -context "sdk\\\\hardware/1718106298115"
# webtalk_add_data -client sdk -key isZynq -value "true" -context "sdk\\\\hardware/1718106298115"
# webtalk_add_data -client sdk -key Processors -value "2" -context "sdk\\\\hardware/1718106298115"
# webtalk_add_data -client sdk -key VivadoVersion -value "2015.2" -context "sdk\\\\hardware/1718106298115"
# webtalk_add_data -client sdk -key Arch -value "zynq" -context "sdk\\\\hardware/1718106298115"
# webtalk_add_data -client sdk -key Device -value "7z020" -context "sdk\\\\hardware/1718106298115"
# webtalk_add_data -client sdk -key IsHandoff -value "true" -context "sdk\\\\hardware/1718106298115"
# webtalk_add_data -client sdk -key uid -value "1718106398375" -context "sdk\\\\bsp/1718106398375"
# webtalk_add_data -client sdk -key hwid -value "1718106298115" -context "sdk\\\\bsp/1718106398375"
# webtalk_add_data -client sdk -key os -value "standalone" -context "sdk\\\\bsp/1718106398375"
# webtalk_add_data -client sdk -key apptemplate -value "hello_world" -context "sdk\\\\bsp/1718106398375"
# webtalk_add_data -client sdk -key uid -value "1718106399834" -context "sdk\\\\application/1718106399834"
# webtalk_add_data -client sdk -key hwid -value "1718106298115" -context "sdk\\\\application/1718106399834"
# webtalk_add_data -client sdk -key bspid -value "1718106398375" -context "sdk\\\\application/1718106399834"
# webtalk_add_data -client sdk -key newbsp -value "true" -context "sdk\\\\application/1718106399834"
# webtalk_add_data -client sdk -key os -value "standalone" -context "sdk\\\\application/1718106399834"
# webtalk_add_data -client sdk -key apptemplate -value "hello_world" -context "sdk\\\\application/1718106399834"
# webtalk_add_data -client sdk -key uid -value "1718106467166" -context "sdk\\\\bsp/1718106467166"
# webtalk_add_data -client sdk -key hwid -value "1718106298115" -context "sdk\\\\bsp/1718106467166"
# webtalk_add_data -client sdk -key os -value "standalone" -context "sdk\\\\bsp/1718106467166"
# webtalk_add_data -client sdk -key apptemplate -value "empty_application" -context "sdk\\\\bsp/1718106467166"
# webtalk_add_data -client sdk -key uid -value "1718106468370" -context "sdk\\\\application/1718106468370"
# webtalk_add_data -client sdk -key hwid -value "1718106298115" -context "sdk\\\\application/1718106468370"
# webtalk_add_data -client sdk -key bspid -value "1718106467166" -context "sdk\\\\application/1718106468370"
# webtalk_add_data -client sdk -key newbsp -value "true" -context "sdk\\\\application/1718106468370"
# webtalk_add_data -client sdk -key os -value "standalone" -context "sdk\\\\application/1718106468370"
# webtalk_add_data -client sdk -key apptemplate -value "empty_application" -context "sdk\\\\application/1718106468370"
# webtalk_transmit -clientid 2002293482 -regid "" -xml E:\\Files_for_work\\hardware_proj\\px2_all\\px2_all.sdk\\webtalk\\usage_statistics_ext_sdk.xml -html E:\\Files_for_work\\hardware_proj\\px2_all\\px2_all.sdk\\webtalk\\usage_statistics_ext_sdk.html -wdm E:\\Files_for_work\\hardware_proj\\px2_all\\px2_all.sdk\\webtalk\\sdk_webtalk.wdm -intro "<H3>SDK Usage Report</H3><BR>"

    while executing
"webtalk_transmit -clientid 2002293482 -regid "" -xml E:\\Files_for_work\\hardware_proj\\px2_all\\px2_all.sdk\\webtalk\\usage_statistics_ext_sdk.xml -h..."
    (file "sdk_webtalk.tcl" line 52)
INFO: [Common 17-206] Exiting Webtalk at Tue Jun 11 23:54:39 2024...
